TN:
SF:utils/crypto.ts
FN:19,validateKeyLength
FN:24,(anonymous_1)
FN:32,createCryptoKey
FN:45,encryptToken
FN:86,decryptToken
FNF:5
FNH:5
FNDA:119,validateKeyLength
FNDA:321,(anonymous_1)
FNDA:12,createCryptoKey
FNDA:113,encryptToken
FNDA:7,decryptToken
DA:1,1
DA:4,1
DA:5,1
DA:6,1
DA:7,1
DA:8,1
DA:20,119
DA:21,107
DA:24,321
DA:36,12
DA:45,1
DA:49,113
DA:50,113
DA:51,113
DA:52,113
DA:55,113
DA:58,6
DA:61,6
DA:62,6
DA:69,6
DA:74,107
DA:86,1
DA:90,7
DA:92,7
DA:93,7
DA:94,1
DA:97,6
DA:98,6
DA:101,6
DA:104,6
DA:105,6
DA:108,6
DA:111,6
DA:112,6
DA:118,6
DA:120,1
LF:36
LH:36
BRDA:20,0,0,107
BRDA:76,1,0,107
BRDA:76,1,1,0
BRDA:93,2,0,1
BRDA:93,3,0,7
BRDA:93,3,1,7
BRDA:122,4,0,1
BRDA:122,4,1,0
BRF:8
BRH:6
end_of_record
